# JRE version: Java(TM) SE Runtime Environment 18.9 (11.0.11+9) (build 11.0.11+9-LTS-194)
# Java VM: Java HotSpot(TM) 64-Bit Server VM 18.9 (11.0.11+9-LTS-194, mixed mode, tiered, compressed oops, g1 gc, windows-amd64)
Heap:
 garbage-first heap   total 391168K, used 14200K [0x0000000682000000, 0x0000000800000000)
  region size 1024K, 10 young (10240K), 9 survivors (9216K)
 Metaspace       used 34955K, capacity 36031K, committed 36176K, reserved 1081344K
  class space    used 3765K, capacity 4186K, committed 4300K, reserved 1048576K
GC Heap History (10 events):
Event: 2.669 GC heap before
{Heap before GC invocations=0 (full 0):
 garbage-first heap   total 391168K, used 23552K [0x0000000682000000, 0x0000000800000000)
  region size 1024K, 24 young (24576K), 0 survivors (0K)
 Metaspace       used 17626K, capacity 18131K, committed 18432K, reserved 1064960K
  class space    used 1783K, capacity 1981K, committed 2048K, reserved 1048576K
}
Event: 2.675 GC heap after
{Heap after GC invocations=1 (full 0):
 garbage-first heap   total 391168K, used 5383K [0x0000000682000000, 0x0000000800000000)
  region size 1024K, 3 young (3072K), 3 survivors (3072K)
 Metaspace       used 17626K, capacity 18131K, committed 18432K, reserved 1064960K
  class space    used 1783K, capacity 1981K, committed 2048K, reserved 1048576K
}
Event: 3.032 GC heap before
{Heap before GC invocations=1 (full 0):
 garbage-first heap   total 391168K, used 21767K [0x0000000682000000, 0x0000000800000000)
  region size 1024K, 19 young (19456K), 3 survivors (3072K)
 Metaspace       used 20127K, capacity 20902K, committed 21120K, reserved 1069056K
  class space    used 2074K, capacity 2356K, committed 2432K, reserved 1048576K
}
Event: 3.037 GC heap after
{Heap after GC invocations=2 (full 0):
 garbage-first heap   total 391168K, used 6822K [0x0000000682000000, 0x0000000800000000)
  region size 1024K, 2 young (2048K), 2 survivors (2048K)
 Metaspace       used 20127K, capacity 20902K, committed 21120K, reserved 1069056K
  class space    used 2074K, capacity 2356K, committed 2432K, reserved 1048576K
}
Event: 3.073 GC heap before
{Heap before GC invocations=2 (full 0):
 garbage-first heap   total 391168K, used 7846K [0x0000000682000000, 0x0000000800000000)
  region size 1024K, 4 young (4096K), 2 survivors (2048K)
 Metaspace       used 20492K, capacity 21231K, committed 21296K, reserved 1069056K
  class space    used 2113K, capacity 2422K, committed 2432K, reserved 1048576K
}
Event: 3.074 GC heap after
{Heap after GC invocations=3 (full 0):
 garbage-first heap   total 391168K, used 6824K [0x0000000682000000, 0x0000000800000000)
  region size 1024K, 2 young (2048K), 2 survivors (2048K)
 Metaspace       used 20492K, capacity 21231K, committed 21296K, reserved 1069056K
  class space    used 2113K, capacity 2422K, committed 2432K, reserved 1048576K
}
Event: 4.327 GC heap before
{Heap before GC invocations=4 (full 0):
 garbage-first heap   total 391168K, used 76456K [0x0000000682000000, 0x0000000800000000)
  region size 1024K, 71 young (72704K), 2 survivors (2048K)
 Metaspace       used 23353K, capacity 24211K, committed 24316K, reserved 1071104K
  class space    used 2419K, capacity 2787K, committed 2892K, reserved 1048576K
}
Event: 4.331 GC heap after
{Heap after GC invocations=5 (full 0):
 garbage-first heap   total 391168K, used 10550K [0x0000000682000000, 0x0000000800000000)
  region size 1024K, 5 young (5120K), 5 survivors (5120K)
 Metaspace       used 23353K, capacity 24211K, committed 24316K, reserved 1071104K
  class space    used 2419K, capacity 2787K, committed 2892K, reserved 1048576K
}
Event: 5.245 GC heap before
{Heap before GC invocations=5 (full 0):
 garbage-first heap   total 391168K, used 140598K [0x0000000682000000, 0x0000000800000000)
  region size 1024K, 132 young (135168K), 5 survivors (5120K)
 Metaspace       used 23390K, capacity 24275K, committed 24572K, reserved 1071104K
  class space    used 2420K, capacity 2787K, committed 2892K, reserved 1048576K
}
Event: 5.250 GC heap after
{Heap after GC invocations=6 (full 0):
 garbage-first heap   total 391168K, used 12172K [0x0000000682000000, 0x0000000800000000)
  region size 1024K, 7 young (7168K), 7 survivors (7168K)
 Metaspace       used 23390K, capacity 24275K, committed 24572K, reserved 1071104K
  class space    used 2420K, capacity 2787K, committed 2892K, reserved 1048576K
}

