# JRE version: Java(TM) SE Runtime Environment 18.9 (11.0.11+9) (build 11.0.11+9-LTS-194)
# Java VM: Java HotSpot(TM) 64-Bit Server VM 18.9 (11.0.11+9-LTS-194, mixed mode, tiered, compressed oops, g1 gc, windows-amd64)
Heap:
 garbage-first heap   total 391168K, used 121083K [0x0000000682000000, 0x0000000800000000)
  region size 1024K, 115 young (117760K), 5 survivors (5120K)
 Metaspace       used 23436K, capacity 24255K, committed 24496K, reserved 1071104K
  class space    used 2417K, capacity 2783K, committed 2816K, reserved 1048576K
GC Heap History (8 events):
Event: 3.553 GC heap before
{Heap before GC invocations=0 (full 0):
 garbage-first heap   total 391168K, used 23552K [0x0000000682000000, 0x0000000800000000)
  region size 1024K, 24 young (24576K), 0 survivors (0K)
 Metaspace       used 18072K, capacity 18740K, committed 18944K, reserved 1067008K
  class space    used 1907K, capacity 2204K, committed 2304K, reserved 1048576K
}
Event: 3.560 GC heap after
{Heap after GC invocations=1 (full 0):
 garbage-first heap   total 391168K, used 5340K [0x0000000682000000, 0x0000000800000000)
  region size 1024K, 3 young (3072K), 3 survivors (3072K)
 Metaspace       used 18072K, capacity 18740K, committed 18944K, reserved 1067008K
  class space    used 1907K, capacity 2204K, committed 2304K, reserved 1048576K
}
Event: 4.430 GC heap before
{Heap before GC invocations=1 (full 0):
 garbage-first heap   total 391168K, used 21724K [0x0000000682000000, 0x0000000800000000)
  region size 1024K, 19 young (19456K), 3 survivors (3072K)
 Metaspace       used 20260K, capacity 21003K, committed 21120K, reserved 1069056K
  class space    used 2080K, capacity 2361K, committed 2432K, reserved 1048576K
}
Event: 4.435 GC heap after
{Heap after GC invocations=2 (full 0):
 garbage-first heap   total 391168K, used 6822K [0x0000000682000000, 0x0000000800000000)
  region size 1024K, 2 young (2048K), 2 survivors (2048K)
 Metaspace       used 20260K, capacity 21003K, committed 21120K, reserved 1069056K
  class space    used 2080K, capacity 2361K, committed 2432K, reserved 1048576K
}
Event: 4.501 GC heap before
{Heap before GC invocations=2 (full 0):
 garbage-first heap   total 391168K, used 8870K [0x0000000682000000, 0x0000000800000000)
  region size 1024K, 5 young (5120K), 2 survivors (2048K)
 Metaspace       used 20434K, capacity 21171K, committed 21296K, reserved 1069056K
  class space    used 2095K, capacity 2395K, committed 2432K, reserved 1048576K
}
Event: 4.503 GC heap after
{Heap after GC invocations=3 (full 0):
 garbage-first heap   total 391168K, used 6948K [0x0000000682000000, 0x0000000800000000)
  region size 1024K, 2 young (2048K), 2 survivors (2048K)
 Metaspace       used 20434K, capacity 21171K, committed 21296K, reserved 1069056K
  class space    used 2095K, capacity 2395K, committed 2432K, reserved 1048576K
}
Event: 6.954 GC heap before
{Heap before GC invocations=4 (full 0):
 garbage-first heap   total 391168K, used 75556K [0x0000000682000000, 0x0000000800000000)
  region size 1024K, 70 young (71680K), 2 survivors (2048K)
 Metaspace       used 23383K, capacity 24191K, committed 24240K, reserved 1071104K
  class space    used 2417K, capacity 2783K, committed 2816K, reserved 1048576K
}
Event: 6.959 GC heap after
{Heap after GC invocations=5 (full 0):
 garbage-first heap   total 391168K, used 10491K [0x0000000682000000, 0x0000000800000000)
  region size 1024K, 5 young (5120K), 5 survivors (5120K)
 Metaspace       used 23383K, capacity 24191K, committed 24240K, reserved 1071104K
  class space    used 2417K, capacity 2783K, committed 2816K, reserved 1048576K
}

